<?xml version="1.0" encoding="UTF-8"?>
<!-- Generated by org.testng.reporters.JUnitReportReporter -->
<testsuite hostname="Sia-VAIO" name="CalculatorBasicOperationsTest" tests="4" failures="0" timestamp="9 Nov 2016 15:39:36 GMT" time="0.822" errors="0">
  <testcase name="testMultiply" time="0.026" classname="CalculatorBasicOperationsTest"/>
  <testcase name="testAdd" time="0.062" classname="CalculatorBasicOperationsTest"/>
  <testcase name="testSubtract" time="0.034" classname="CalculatorBasicOperationsTest"/>
  <testcase name="testDivide" time="0.700" classname="CalculatorBasicOperationsTest"/>
</testsuite> <!-- CalculatorBasicOperationsTest -->
