<?xml version="1.0" encoding="UTF-8"?>
<!-- Generated by org.testng.reporters.JUnitReportReporter -->
<testsuite hostname="Sia-VAIO" name="CalculatorAdvacedOperationsTest" tests="9" failures="0" timestamp="9 Nov 2016 15:39:36 GMT" time="17.549" errors="0">
  <testcase name="testPercent" time="0.046" classname="CalculatorAdvacedOperationsTest"/>
  <testcase name="testAbsolute" time="0.056" classname="CalculatorAdvacedOperationsTest"/>
  <testcase name="testTangent" time="2.464" classname="CalculatorAdvacedOperationsTest"/>
  <testcase name="testPower" time="1.287" classname="CalculatorAdvacedOperationsTest"/>
  <testcase name="testSine" time="0.037" classname="CalculatorAdvacedOperationsTest"/>
  <testcase name="testCosine" time="0.046" classname="CalculatorAdvacedOperationsTest"/>
  <testcase name="testNegative" time="0.030" classname="CalculatorAdvacedOperationsTest"/>
  <testcase name="testSquareRoot" time="13.581" classname="CalculatorAdvacedOperationsTest"/>
  <testcase name="testPiNumber" time="0.002" classname="CalculatorAdvacedOperationsTest"/>
</testsuite> <!-- CalculatorAdvacedOperationsTest -->
